2015-03-25T21:16:09 Checking update-file '/usr/share/apps/kconf_update/adjustlevelstool.upd' for new updates
2015-03-25T21:16:10 adjustlevelstool.upd: Found new update 'adjustlevels2.6.0'
2015-03-25T21:16:10 adjustlevelstool.upd: File 'digikamrc' does not exist or empty, skipping
2015-03-25T21:16:10 Checking update-file '/usr/share/apps/kconf_update/devicepreference.upd' for new updates
2015-03-25T21:16:10 devicepreference.upd: Found new update 'DevicesMovedToPlatformPlugin'
2015-03-25T21:16:10 devicepreference.upd: Running script 'phonon_devicepreference_update'
2015-03-25T21:16:10 devicepreference.upd: Found new update 'DevicesUIDsChanged'
2015-03-25T21:16:10 devicepreference.upd: Running script 'phonon_deviceuids_update'
2015-03-25T21:16:10 Checking update-file '/usr/share/apps/kconf_update/drkonqi-rename-config-section.upd' for new updates
2015-03-25T21:16:10 drkonqi-rename-config-section.upd: Found new update 'kde-4.11'
2015-03-25T21:16:10 drkonqi-rename-config-section.upd: File 'drkonqirc' does not exist or empty, skipping
2015-03-25T21:16:10 Checking update-file '/usr/share/apps/kconf_update/grantleetheme.upd' for new updates
2015-03-25T21:16:10 grantleetheme.upd: Found new update 'initial-grantlee-theme-migration'
2015-03-25T21:16:10 grantleetheme.upd: File 'kmail2rc' does not exist or empty, skipping
2015-03-25T21:16:10 Checking update-file '/usr/share/apps/kconf_update/kalarm.upd' for new updates
2015-03-25T21:16:10 kalarm.upd: Found new update '1.9.5'
2015-03-25T21:16:10 kalarm.upd: File 'kalarmrc' does not exist or empty, skipping
2015-03-25T21:16:10 kalarm.upd: Found new update '1.9.9'
2015-03-25T21:16:10 kalarm.upd: File 'kalarmrc' does not exist or empty, skipping
2015-03-25T21:16:10 kalarm.upd: Found new update '1.9.12'
2015-03-25T21:16:10 kalarm.upd: File 'kalarmrc' does not exist or empty, skipping
2015-03-25T21:16:10 kalarm.upd: Found new update '2.0.0'
2015-03-25T21:16:10 kalarm.upd: File 'kalarmrc' does not exist or empty, skipping
2015-03-25T21:16:10 kalarm.upd: Found new update '2.0.2'
2015-03-25T21:16:10 kalarm.upd: File 'kalarmrc' does not exist or empty, skipping
2015-03-25T21:16:10 kalarm.upd: Found new update '2.1.5'
2015-03-25T21:16:10 kalarm.upd: File 'kalarmrc' does not exist or empty, skipping
2015-03-25T21:16:10 kalarm.upd: Found new update '2.3.2'
2015-03-25T21:16:10 kalarm.upd: File 'kalarmrc' does not exist or empty, skipping
2015-03-25T21:16:10 Checking update-file '/usr/share/apps/kconf_update/kcalcrc.upd' for new updates
2015-03-25T21:16:10 kcalcrc.upd: Found new update 'KDE_3_2_0'
2015-03-25T21:16:10 kcalcrc.upd: File 'kcalcrc' does not exist or empty, skipping
2015-03-25T21:16:10 kcalcrc.upd: Found new update 'KDE_4_3_0'
2015-03-25T21:16:10 kcalcrc.upd: File 'kcalcrc' does not exist or empty, skipping
2015-03-25T21:16:10 Checking update-file '/usr/share/apps/kconf_update/kcookiescfg.upd' for new updates
2015-03-25T21:16:10 kcookiescfg.upd: Found new update 'kde2.2/b1'
2015-03-25T21:16:10 kcookiescfg.upd: File 'kcookiejarrc' does not exist or empty, skipping
2015-03-25T21:16:10 kcookiescfg.upd: Found new update 'kde3.1/cvs'
2015-03-25T21:16:10 kcookiescfg.upd: File 'kcookiejarrc' does not exist or empty, skipping
2015-03-25T21:16:10 kcookiescfg.upd: Found new update 'kde4.10/git'
2015-03-25T21:16:10 kcookiescfg.upd: File 'kcookiejarrc' does not exist or empty, skipping
2015-03-25T21:16:10 Checking update-file '/usr/share/apps/kconf_update/kded.upd' for new updates
2015-03-25T21:16:10 kded.upd: Found new update 'kde3.0'
2015-03-25T21:16:10 kded.upd: Skipping update 'kde3.0'
2015-03-25T21:16:10 kded.upd: File 'kdedrc' does not exist or empty, skipping
2015-03-25T21:16:10 Checking update-file '/usr/share/apps/kconf_update/kio_help.upd' for new updates
2015-03-25T21:16:10 kio_help.upd: Found new update 'kde3_2'
2015-03-25T21:16:10 kio_help.upd: Running script 'move_kio_help_cache.sh'
2015-03-25T21:16:10 [Script] mv: cannot stat ‘/home/manjaro/.kde4/share/apps/kio_help/cache’: No such file or directory
2015-03-25T21:16:10 [Script] rmdir: failed to remove ‘/home/manjaro/.kde4/share/apps/kio_help’: No such file or directory
2015-03-25T21:16:10 Checking update-file '/usr/share/apps/kconf_update/kioslave.upd' for new updates
2015-03-25T21:16:10 kioslave.upd: Found new update 'kde2.2/r1'
2015-03-25T21:16:10 kioslave.upd: File 'kioslaverc' does not exist or empty, skipping
2015-03-25T21:16:10 kioslave.upd: Skipping update 'kde2.2/r1'
2015-03-25T21:16:10 kioslave.upd: File 'kioslaverc' does not exist or empty, skipping
2015-03-25T21:16:10 kioslave.upd: Found new update 'kde2.2/r2'
2015-03-25T21:16:10 kioslave.upd: File 'kioslaverc' does not exist or empty, skipping
2015-03-25T21:16:10 kioslave.upd: Found new update 'kde2.2/r3'
2015-03-25T21:16:10 kioslave.upd: File 'kioslaverc' does not exist or empty, skipping
2015-03-25T21:16:10 Checking update-file '/usr/share/apps/kconf_update/konsole.upd' for new updates
2015-03-25T21:16:10 konsole.upd: Found new update '2.9.0-global-options'
2015-03-25T21:16:10 konsole.upd: File 'konsolerc' does not exist or empty, skipping
2015-03-25T21:16:10 konsole.upd: Found new update '2.9.0-colorscheme-bold-key'
2015-03-25T21:16:10 konsole.upd: Running script 'konsole-2.9.0-colorscheme-bold-key.sh'
2015-03-25T21:16:10 konsole.upd: Found new update '2.10.0-remove-menuindex-from-profiles'
2015-03-25T21:16:10 konsole.upd: Running script 'konsole-2.10.0-remove-menuindex-from-profiles.sh'
2015-03-25T21:16:10 Checking update-file '/usr/share/apps/kconf_update/konsole_remove_background_mode.upd' for new updates
2015-03-25T21:16:10 konsole_remove_background_mode.upd: Found new update '2.11.0-remove-background-mode'
2015-03-25T21:16:10 konsole_remove_background_mode.upd: File 'kglobalshortcutsrc' does not exist or empty, skipping
2015-03-25T21:16:10 Checking update-file '/usr/share/apps/kconf_update/konversation.upd' for new updates
2015-03-25T21:16:10 konversation.upd: Found new update '1.1-rememberline'
2015-03-25T21:16:10 konversation.upd: Skipping update '1.1-rememberline'
2015-03-25T21:16:10 konversation.upd: Found new update '1.1-markerlines'
2015-03-25T21:16:10 konversation.upd: Skipping update '1.1-markerlines'
2015-03-25T21:16:10 konversation.upd: Found new update '0.20-customfonts'
2015-03-25T21:16:10 konversation.upd: Skipping update '0.20-customfonts'
2015-03-25T21:16:10 konversation.upd: Found new update '0.20-quickbuttons'
2015-03-25T21:16:10 konversation.upd: Skipping update '0.20-quickbuttons'
2015-03-25T21:16:10 konversation.upd: Found new update '0.19-notifylists'
2015-03-25T21:16:10 konversation.upd: Skipping update '0.19-notifylists'
2015-03-25T21:16:10 konversation.upd: Found new update '0.19-appearance'
2015-03-25T21:16:10 konversation.upd: Skipping update '0.19-appearance'
2015-03-25T21:16:10 konversation.upd: Found new update '0.19-browser'
2015-03-25T21:16:10 konversation.upd: Skipping update '0.19-browser'
2015-03-25T21:16:10 konversation.upd: Found new update '0.19-flags'
2015-03-25T21:16:10 konversation.upd: Skipping update '0.19-flags'
2015-03-25T21:16:10 konversation.upd: Found new update '0.19-highlightcolors'
2015-03-25T21:16:10 konversation.upd: Skipping update '0.19-highlightcolors'
2015-03-25T21:16:10 konversation.upd: Found new update '0.19-osdcolors'
2015-03-25T21:16:10 konversation.upd: Skipping update '0.19-osdcolors'
2015-03-25T21:16:10 konversation.upd: Found new update '0.19-sortorder'
2015-03-25T21:16:10 konversation.upd: Skipping update '0.19-sortorder'
2015-03-25T21:16:10 konversation.upd: Found new update '0.19-colors'
2015-03-25T21:16:10 konversation.upd: Skipping update '0.19-colors'
2015-03-25T21:16:10 konversation.upd: Found new update '0.19-generaloptions'
2015-03-25T21:16:10 konversation.upd: Skipping update '0.19-generaloptions'
2015-03-25T21:16:10 konversation.upd: Found new update '0.19-cleanup-themes'
2015-03-25T21:16:10 konversation.upd: Skipping update '0.19-cleanup-themes'
2015-03-25T21:16:10 konversation.upd: Found new update '0.19-cleanup-notifylist'
2015-03-25T21:16:10 konversation.upd: Skipping update '0.19-cleanup-notifylist'
2015-03-25T21:16:10 konversation.upd: Found new update '0.19-cleanup-dcc'
2015-03-25T21:16:10 konversation.upd: Skipping update '0.19-cleanup-dcc'
2015-03-25T21:16:10 konversation.upd: Found new update '0.19-cleanup-colors'
2015-03-25T21:16:10 konversation.upd: Skipping update '0.19-cleanup-colors'
2015-03-25T21:16:10 konversation.upd: Found new update '0.19-cleanup-hilightlist'
2015-03-25T21:16:10 konversation.upd: Skipping update '0.19-cleanup-hilightlist'
2015-03-25T21:16:10 konversation.upd: Found new update '0.19-cleanup-notificationmessages'
2015-03-25T21:16:10 konversation.upd: Skipping update '0.19-cleanup-notificationmessages'
2015-03-25T21:16:10 konversation.upd: Found new update '0.19-cleanup-ledcolors'
2015-03-25T21:16:10 konversation.upd: Skipping update '0.19-cleanup-ledcolors'
2015-03-25T21:16:10 konversation.upd: Found new update '0.19-cleanup-kmditaskbar'
2015-03-25T21:16:10 konversation.upd: Skipping update '0.19-cleanup-kmditaskbar'
2015-03-25T21:16:10 konversation.upd: Found new update '0.19-channelsplitter'
2015-03-25T21:16:10 konversation.upd: Skipping update '0.19-channelsplitter'
2015-03-25T21:16:10 Checking update-file '/usr/share/apps/kconf_update/kpgp.upd' for new updates
2015-03-25T21:16:10 kpgp.upd: Found new update 'preKDE3_a'
2015-03-25T21:16:10 kpgp.upd: File 'kpgprc' does not exist or empty, skipping
2015-03-25T21:16:10 kpgp.upd: Found new update '3.1-1'
2015-03-25T21:16:10 kpgp.upd: File 'kpgprc' does not exist or empty, skipping
2015-03-25T21:16:10 Checking update-file '/usr/share/apps/kconf_update/ksslcertificatemanager.upd' for new updates
2015-03-25T21:16:10 ksslcertificatemanager.upd: Found new update 'kde4.2'
2015-03-25T21:16:10 ksslcertificatemanager.upd: Running script 'ksslcertificatemanager.upd.sh'
2015-03-25T21:16:10 [Script] rm: cannot remove ‘/home/manjaro/.kde4//share/config/ksslcertificatemanager’: No such file or directory
2015-03-25T21:16:10 ksslcertificatemanager.upd: !! An error occurred while running 'sh /usr/share/apps/kconf_update/ksslcertificatemanager.upd.sh'
2015-03-25T21:16:10 Checking update-file '/usr/share/apps/kconf_update/kuriikwsfilter.upd' for new updates
2015-03-25T21:16:10 kuriikwsfilter.upd: Found new update 'post-kde3.1/cvs'
2015-03-25T21:16:10 kuriikwsfilter.upd: File 'kuriikwsfilterrc' does not exist or empty, skipping
2015-03-25T21:16:10 kuriikwsfilter.upd: Found new update 'pre-kde4.9'
2015-03-25T21:16:10 kuriikwsfilter.upd: File 'kuriikwsfilterrc' does not exist or empty, skipping
2015-03-25T21:16:10 Checking update-file '/usr/share/apps/kconf_update/kwallet-4.13.upd' for new updates
2015-03-25T21:16:10 kwallet-4.13.upd: Found new update 'kde4.13'
2015-03-25T21:16:10 kwallet-4.13.upd: File 'kwalletrc' does not exist or empty, skipping
2015-03-25T21:16:10 Checking update-file '/usr/share/apps/kconf_update/mailtransports.upd' for new updates
2015-03-25T21:16:10 mailtransports.upd: Found new update 'initial-kmail-migration'
2015-03-25T21:16:10 mailtransports.upd: File 'kmailrc' does not exist or empty, skipping
2015-03-25T21:16:10 mailtransports.upd: Found new update 'initial-knode-migration'
2015-03-25T21:16:10 mailtransports.upd: File 'knoderc' does not exist or empty, skipping
2015-03-25T21:16:10 Checking update-file '/usr/share/apps/kconf_update/newmailnotifier.upd' for new updates
2015-03-25T21:16:10 newmailnotifier.upd: Found new update 'initial-newmailnotifier-migration'
2015-03-25T21:16:10 newmailnotifier.upd: File 'kmail2rc' does not exist or empty, skipping
2015-03-25T21:16:10 Checking update-file '/usr/share/apps/kconf_update/okular.upd' for new updates
2015-03-25T21:16:10 okular.upd: Found new update 'sep_settings'
2015-03-25T21:16:10 okular.upd: File 'okularpartrc' does not exist or empty, skipping
2015-03-25T21:16:10 Checking update-file '/usr/share/apps/kconf_update/yakuake.upd' for new updates
2015-03-25T21:16:10 yakuake.upd: Found new update '2.9.9-startupnotification'
2015-03-25T21:16:10 yakuake.upd: Skipping update '2.9.9-startupnotification'
