+ dename=lxqt
+ arch=i686
+ reponame=repoarch
+ '[' 0 -ne 0 ']'
+ CURPWD=/home/pat/manjaro-tools-iso-profiles/lxqt
+ '[' lxqt == lxqt ']'
+ cd ..
+ CURPWD=/home/pat/manjaro-tools-iso-profiles
+ buildiso -p lxqt -a i686 -i
==> Start building [lxqt]
 --> Profile: [lxqt]
  -> Packages-Custom: Packages-Lxqt
==> Cleaning up ...
  -> Deleting chroot 'livecd-image'...
  -> Deleting chroot 'lxqt-image'...
  -> Deleting chroot 'pkgs-image'...
  -> Deleting chroot 'root-image'...
  -> Cleaning [/var/cache/manjaro-tools/xorg/i686] ...
  -> Cleaning [/var/cache/manjaro-tools/lng/i686] ...
 --> Loading Packages: [Packages] ...
==> Prepare [Base installation] (root-image)
==> mkiso : Configuration Settings
  -> working directory: /opt/buildiso/lxqt/i686
  -> image name: none
  -> pacman_mirrors: /usr/share/manjaro-tools/pacman-mirrors-stable.conf
==> Creating install root at /opt/buildiso/lxqt/i686/root-image
==> Installing packages to /opt/buildiso/lxqt/i686/root-image
:: Synchronizing package databases...
downloading core.db...
downloading core.db...
downloading core.db...
downloading core.db...
downloading core.db...
downloading extra.db...
downloading community.db...
downloading community.db...
downloading community.db...
downloading community.db...
downloading community.db...
downloading infinality-bundle.db...
downloading infinality-bundle-fonts.db...
downloading repoarch.db...
warning: skipping target: ecryptfs-utils
resolving dependencies...
warning: ignoring package fontconfig-2.11.1-1
:: There are 2 providers available for fontconfig:
:: Repository infinality-bundle
   1) fontconfig-infinality-ultimate
:: Repository repoarch
   2) fontconfig-infinality-ultimate

Enter a number (default=1): 
looking for conflicting packages...
warning: dependency cycle detected:
warning: ncurses will be installed before its bash dependency
warning: dependency cycle detected:
warning: harfbuzz will be installed before its freetype2-infinality-ultimate dependency

Packages (267) acl-2.2.52-2  archlinux-keyring-20150212-1  attr-2.4.47-1  ca-certificates-20140923-9  ca-certificates-cacert-20140824-2  ca-certificates-mozilla-3.17.4-1  ca-certificates-utils-20140923-9  cracklib-2.9.1-1  curl-7.40.0-1  damageproto-1.2.1-3  db-5.3.28-2  dbus-1.8.16-2  ding-libs-0.4.0-3  elfutils-0.161-3  expat-2.1.0-4  fixesproto-5.0-3  fontconfig-infinality-ultimate-2.11.1-24  fontsproto-2.1.3-1  freetype2-infinality-ultimate-2.5.5-3  fuse-2.9.3-2  gdbm-1.11-1  glib2-2.42.2-1  gmp-6.0.0-2  gnupg-2.1.2-1  gnutls-3.3.13-1  gpgme-1.5.3-1  graphite-1:1.2.4-1  groff-1.22.3-2  gssproxy-0.3.1-3  harfbuzz-0.9.38-1  hwids-20150129-1  hwinfo-21.10.1.1-1  iana-etc-2.30-4  js17-17.0.0-1  kbd-2.0.2-1  kbproto-1.0.6-2  keyutils-1.5.9-1  kmod-19-1  krb5-1.13.1-1  libaio-0.3.110-1  libarchive-3.1.2-8  libassuan-2.1.3-1  libcap-2.24-2  libcap-ng-0.7.4-1  libdbus-1.8.16-2  libdrm-2.4.59-1  libevent-2.0.22-1  libffi-3.2.1-1  libfontenc-1.1.2-1  libgcrypt-1.6.3-2  libgpg-error-1.18-1  libgssglue-0.4-2  libice-1.0.9-1  libidn-1.30-1  libjpeg-turbo-1.4.0-1  libksba-1.3.2-1  libldap-2.4.40-2  libmbim-1.12.2-1  libmm-glib-1.4.4-1  libnl-3.2.25-1  libomxil-bellagio-0.9.3-1  libpcap-1.6.2-1  libpciaccess-0.13.3-1  libpipeline-1.4.0-1  libpng-1.6.16-1  libqmi-1.12.4-1  librpcsecgss-0.19-8  libsasl-2.1.26-7  libseccomp-2.1.1-1  libsm-1.2.2-2  libssh2-1.4.3-2  libsystemd-218-2  libtasn1-4.2-1  libtirpc-0.2.5-1  libtxc_dxtn-1.0.1-6  libunistring-0.9.5-1  libusb-1.0.19-1  libutil-linux-2.25.2-1  libx11-1.6.3-1  libx86emu-1.1.23.1-1  libxau-1.0.8-2  libxcb-1.11-1  libxdamage-1.1.4-2  libxdmcp-1.1.1-2  libxext-1.3.3-1  libxfixes-5.0.1-1  libxfont-1.5.0-1  libxmu-1.1.2-1  libxshmfence-1.2-1  libxt-1.1.4-1  libxxf86vm-1.1.4-1  linux-api-headers-3.18.5-1  llvm-libs-3.5.1-1  lz4-127-1  lzo-2.09-1  manjaro-keyring-20150204-1  mcpp-2.7.2-5  mhwd-catalyst-15.200-1  mhwd-nvidia-346.47-1  mhwd-nvidia-304xx-304.125-1  mhwd-nvidia-340xx-340.76-1  mkinitcpio-18-2  mkinitcpio-busybox-1.21.1-2  mpfr-3.1.2.p11-1  ncurses-5.9-7  net-tools-1.60.20130531git-1  nettle-2.7.1-1  nfsidmap-0.26-1  npth-1.1-1  nspr-4.10.8-1  nss-3.17.4-1  openssl-1.0.2-1  p11-kit-0.22.1-3  pacman-mirrorlist-20150310-1  pam-1.1.8-5  pambase-20130928-1  pcre-8.36-2  pinentry-0.9.0-1  polkit-0.112-2  popt-1.16-7  ppp-2.4.7-1  progsreiserfs-0.3.0.5-8  pth-2.0.7-5  python-3.4.3-1  readline-6.3.006-1  rfkill-0.5-1  rpcbind-0.2.2-2  run-parts-4.4-1  sqlite-3.8.8.3-1  systemd-218-2  tcl-8.6.3-1  thin-provisioning-tools-0.4.1-1  tzdata-2015a-1  v86d-0.1.10-5  wayland-1.7.0-1  xcb-proto-1.11-1  xextproto-7.3.0-1  xf86vidmodeproto-2.3.1-3  xorg-bdftopcf-1.0.5-1  xorg-font-util-1.3.0-2  xorg-font-utils-7.6-4  xorg-fonts-alias-1.0.3-1  xorg-fonts-encodings-1.0.4-4  xorg-mkfontdir-1.0.7-2  xorg-mkfontscale-1.1.2-1  xorg-xrdb-1.1.0-1  xproto-7.0.27-1  zlib-1.2.8-3  acpid-2.0.23-4  arj-3.10.22-8  b43-fwcutter-019-1  bash-4.3.033-1  btrfs-progs-3.18.2-1  bzip2-1.0.6-5  coreutils-8.23-1  cpupower-3.19-1  cronie-1.4.12-1  cryptsetup-1.6.6-1  device-mapper-2.02.116-1  dhclient-4.3.1-1  dhcpcd-6.7.1-1  diffutils-3.3-2  dmraid-1.0.0.rc16.3-10  dnsmasq-2.72-1  dosfstools-3.0.27-1  e2fsprogs-1.42.12-2  ecryptfs-utils-104-1  ethtool-1:3.18-1  exfat-utils-1.1.1-1  file-5.22-1  filesystem-2015.02-1  findutils-4.4.2-6  gawk-4.1.1-1  gcc-libs-4.9.2-4  gettext-0.19.4-1  glibc-2.21-2  grep-2.21-2  grub-2.02.beta2-9  gzip-1.6-1  haveged-1.9.1-2  hdparm-9.45-1  inetutils-1.9.2-2  intel-ucode-20150121-1  iproute2-3.19.0-1  iptables-1.4.21-1  iputils-20121221-3  ipw2100-fw-1.3-7  ipw2200-fw-3.1-5  iw-3.17-1  jfsutils-1.1.15-4  less-471-1  licenses-20140629-1  linux-firmware-20150206.17657c3-1  linux318-3.18.9-1  linux318-ndiswrapper-1.59-7  logrotate-3.8.9-1  lsb-release-1.4-12  lsof-4.88-2  lvm2-2.02.116-1  lzop-1.03-5  man-db-2.7.1-1  man-pages-3.81-1  manjaro-documentation-0.8.12-1  manjaro-firmware-0.3-1  manjaro-hotfixes-2013.03-1  manjaro-release-0.8.12-1  manjaro-system-20150312-1  mdadm-3.3.2-1  memtest86+-5.01-1  mesa-10.4.6-1  mhwd-0.5.2-1  mhwd-db-0.5.2-1  mkinitcpio-nfs-utils-0.3-5  mobile-broadband-provider-info-20120614-2  modemmanager-1.4.4-1  nano-2.2.6-3  nbd-3.9.1-1  ndiswrapper-utils-1.59-1  nfs-utils-1.3.2-6  nilfs-utils-2.2.3-1  ntfs-3g-2014.2.15-1  os-prober-1.65-0.1  pacman-4.2.1-1  pciutils-3.3.0-1  pcmciautils-018-7  perl-5.20.2-1  pkg-config-0.28-2  procps-ng-3.3.10-1  psmisc-22.21-2  reiserfsprogs-3.6.24-1  rp-pppoe-3.11-7  rsync-3.1.1-2  s-nail-14.7.11-1  sdparm-1.09-1  sed-4.2.2-3  shadow-4.2.1-2  smartmontools-6.3-1  squashfs-tools-4.3-4  sudo-1.8.12-1  sysfsutils-2.1.0-9  syslinux-6.03-2  systemd-sysvcompat-218-2  tar-1.28-1  terminus-font-4.39-1  testdisk-6.14-2  texinfo-5.2-3  tlp-0.7-2  ttf-bitstream-vera-1.10-10  ttf-dejavu-2.34-2  ttf-inconsolata-20090215-5  ttf-indic-otf-0.2-8  ttf-liberation-2.00.1-5  unrar-1:5.2.6-1  unzip-6.0-9  usb_modeswitch-2.2.0-1  usbutils-008-1  util-linux-2.25.2-1  vi-1:050325-4  wget-1.16.3-1  which-2.20-7  wireless_tools-30.pre9-1  wpa_actiond-1.4-2  wpa_supplicant-2.3-1  xfsprogs-3.2.2-1  xz-5.2.1-1  zd1211-firmware-1.5-1  zip-3.0-6

Total Installed Size:  789.07 MiB

:: Proceed with installation? [Y/n] 
checking keyring...
checking package integrity...
loading package files...
checking for file conflicts...
checking available disk space...
installing linux-api-headers...
installing tzdata...
installing iana-etc...
installing filesystem...
installing glibc...
installing gcc-libs...
installing ncurses...
installing readline...
installing bash...
Optional dependencies for bash
    bash-completion: for tab completion
installing bzip2...
installing zlib...
installing cracklib...
installing libutil-linux...
installing e2fsprogs...
installing gdbm...
installing db...
installing perl...
installing openssl...
Optional dependencies for openssl
    ca-certificates [pending]
installing libsasl...
installing libldap...
installing keyutils...
installing krb5...
installing libtirpc...
installing pambase...
installing pam...
installing attr...
installing acl...
installing gmp...
installing libcap...
installing coreutils...
installing run-parts...
installing cronie...
Optional dependencies for cronie
    pm-utils: defer anacron on battery power
    smtp-server: send job output via email
    smtp-forwarder: forward job output to email server
installing libdbus...
installing expat...
installing dbus...
Optional dependencies for dbus
    libx11: dbus-launch support [pending]
installing pcre...
installing libffi...
installing glib2...
Optional dependencies for glib2
    python2: for gdbus-codegen and gtester-report
    elfutils: gresource inspection tool [pending]
installing kbd...
installing xz...
installing kmod...
installing hwids...
installing libgpg-error...
installing libgcrypt...
installing lz4...
installing libsystemd...
installing findutils...
installing less...
installing gzip...
installing texinfo...
installing libidn...
installing libseccomp...
installing shadow...
installing util-linux...
Optional dependencies for util-linux
    python: python bindings to libmount [pending]
installing systemd...
Initializing machine ID from random generator.
Created symlink from /etc/systemd/system/getty.target.wants/getty@tty1.service to /usr/lib/systemd/system/getty@.service.
:: Append 'init=/usr/lib/systemd/systemd' to your kernel command line in your
   bootloader to replace sysvinit with systemd, or install systemd-sysvcompat
Optional dependencies for systemd
    python: systemd library bindings [pending]
    cryptsetup: required for encrypted block devices [pending]
    libmicrohttpd: remote journald capabilities
    quota-tools: kernel-level quota management
    systemd-sysvcompat: symlink package to provide sysvinit binaries [pending]
    polkit: allow administration as unprivileged user [pending]
installing device-mapper...
installing popt...
installing cryptsetup...
installing dhcpcd...
installing diffutils...
installing file...
installing mpfr...
installing gawk...
installing libunistring...
installing gettext...
Optional dependencies for gettext
    git: for autopoint infrastructure updates
installing grep...
installing inetutils...
installing iptables...
installing iproute2...
Optional dependencies for iproute2
    linux-atm: ATM support
installing sysfsutils...
installing iputils...
Optional dependencies for iputils
    xinetd: for tftpd
installing jfsutils...
installing licenses...
installing logrotate...
installing libaio...
installing thin-provisioning-tools...
installing lvm2...
installing groff...
Optional dependencies for groff
    netpbm: for use together with man -H command interaction in browsers
    psutils: for use together with man -H command interaction in browsers
    libxaw: for gxditview
installing libpipeline...
installing man-db...
it's recommended to create an initial
database running as root:
"/usr/bin/mandb --quiet"
Optional dependencies for man-db
    gzip [installed]
installing man-pages...
installing manjaro-hotfixes...
installing mkinitcpio-busybox...
installing lzo...
installing libarchive...
installing mkinitcpio...
Optional dependencies for mkinitcpio
    xz: Use lzma or xz compression for the initramfs image [installed]
    bzip2: Use bzip2 compression for the initramfs image [installed]
    lzop: Use lzo compression for the initramfs image [pending]
    lz4: Use lz4 compression for the initramfs image [installed]
    mkinitcpio-nfs-utils: Support for root filesystem on NFS [pending]
installing pcmciautils...
installing linux-firmware...
